[0m[[0m[0mdebug[0m] [0m[0m> Exec(run, Some(6655b0cd-8634-47c6-9356-965985c36344), Some(CommandSource(console0)))[0m
[0m[[0m[0mdebug[0m] [0m[0mEvaluating tasks: Compile / run[0m
[0m[[0m[0mdebug[0m] [0m[0mRunning task... Cancel: Signal, check cycles: false, forcegc: true[0m
[0m[[0m[0minfo[0m] [0m[0mUpdating [0m
[0m[[0m[0minfo[0m] [0m[0mResolved  dependencies[0m
[0m[[0m[0minfo[0m] [0m[0mFetching artifacts of [0m
[0m[[0m[0minfo[0m] [0m[0mFetched artifacts of [0m
[0m[[0m[0minfo[0m] [0m[0mcompiling 10 Scala sources to C:\Users\daron\Downloads\workspace\Programas Scala\Ti2 Discretas\ti_2\target\scala-3.3.0\classes ...[0m
[0m[[0m[31merror[0m] [0m[0m[31m[31m-- [E008] Not Found Error: C:\Users\daron\Downloads\workspace\Programas Scala\Ti2 Discretas\ti_2\src\main\scala\ui\Main.scala:16:11 [0m[0m[0m
[0m[[0m[31merror[0m] [0m[0m[31m16 |[0m    reader.loadFromTxt([31m"input.txt"[0m)[0m
[0m[[0m[31merror[0m] [0m[0m[31m[31m   |[0m    ^^^^^^^^^^^^^^^^^^[0m[0m
[0m[[0m[31merror[0m] [0m[0m[31m   |[0m    value loadFromTxt is not a member of data.Reader[0m
[0m[[0m[31merror[0m] [0m[0m[31m[31m-- [E008] Not Found Error: C:\Users\daron\Downloads\workspace\Programas Scala\Ti2 Discretas\ti_2\src\main\scala\ui\Main.scala:17:27 [0m[0m[0m
[0m[[0m[31merror[0m] [0m[0m[31m17 |[0m    [33mval[0m [36minputData[0m = reader.getData() [34m//Lista[s][0m
[0m[[0m[31merror[0m] [0m[0m[31m[31m   |[0m                    ^^^^^^^^^^^^^^[0m[0m
[0m[[0m[31merror[0m] [0m[0m[31m   |[0m                    value getData is not a member of data.Reader[0m
[0m[[0m[31merror[0m] [0m[0mtwo errors found[0m
[0m[[0m[31merror[0m] [0m[0m(Compile / [31mcompileIncremental[0m) Compilation failed[0m
[0m[[0m[31merror[0m] [0m[0mTotal time: 5 s, completed 19/11/2023, 7:16:59 p. m.[0m
[0m[[0m[0mdebug[0m] [0m[0m> Exec(shell, None, None)[0m
[0m[[0m[0mdebug[0m] [0m[0mForcing garbage collection...[0m
